| SNAPSHOT 1: 2017.12.05 15:41:35
| CPU load: 6.6%
| Memory usage: 33.5%
| VM usage: 94.4%
| I/O (read/write): 913873 / 647338
| Net (bytes sent/recv): 10520505 / 804025300
---------------------------------------------
| SNAPSHOT 2: 2017.12.05 15:46:35
| CPU load: 2.0%
| Memory usage: 33.4%
| VM usage: 94.4%
| I/O (read/write): 913925 / 647509
| Net (bytes sent/recv): 10520547 / 804033100
---------------------------------------------
| SNAPSHOT 1: 2017.12.05 22:17:53
| CPU load: 10.5%
| Memory usage: 31.4%
| VM usage: 97.2%
| I/O (read/write): 948003 / 665875
| Net (bytes sent/recv): 10544531 / 804989493
---------------------------------------------
