| SNAPSHOT 1 - 2017.12.10 01:48:27 
| CPU load: 7.1% 
| Memory usage: 1453468.0kb 
| Swap usage: 449000.0kb 
| Disk read: 17263016.0kb 
| Disk write: 9038036.0kb 
| Net in: 10205.548828125kb 
| Net out: 32642.25390625kb 
----------------------------
| SNAPSHOT 2 - 2017.12.10 01:53:27 
| CPU load: 4.2% 
| Memory usage: 1449796.0kb 
| Swap usage: 448024.0kb 
| Disk read: 17266512.0kb 
| Disk write: 9044628.0kb 
| Net in: 10205.548828125kb 
| Net out: 32649.87109375kb 
----------------------------
| SNAPSHOT 3 - 2017.12.10 01:58:27 
| CPU load: 4.2% 
| Memory usage: 1449852.0kb 
| Swap usage: 448024.0kb 
| Disk read: 17266512.0kb 
| Disk write: 9045758.0kb 
| Net in: 10205.548828125kb 
| Net out: 32657.48828125kb 
----------------------------
| SNAPSHOT 4 - 2017.12.10 02:03:28 
| CPU load: 4.8% 
| Memory usage: 1449804.0kb 
| Swap usage: 447976.0kb 
| Disk read: 17266704.0kb 
| Disk write: 9068658.0kb 
| Net in: 10205.923828125kb 
| Net out: 32665.4833984375kb 
----------------------------
